
> @collab-saas/workspace@0.1.0 build /Users/menglingyu/skill3/collab-saas/apps/workspace
> tsc && vite build

vite v5.4.21 building for production...
transforming...
✓ 51 modules transformed.
rendering chunks...
computing gzip size...
dist/index.html                                                 0.32 kB │ gzip:  0.24 kB
dist/assets/__federation_shared_react-BCcI129A.js               0.05 kB │ gzip:  0.07 kB
dist/assets/__federation_shared_react-dom-BN8Au471.js           0.05 kB │ gzip:  0.07 kB
dist/assets/jsx-runtime-CyoIsdjr.js                             1.20 kB │ gzip:  0.64 kB
dist/assets/__federation_expose_App-CEVIc71-.js                 1.63 kB │ gzip:  0.47 kB
dist/assets/index-DpJMoVYd.js                                   1.83 kB │ gzip:  0.62 kB
dist/assets/remoteEntry.js                                      3.37 kB │ gzip:  1.20 kB
dist/assets/index-Dm_EQZZA.js                                   7.86 kB │ gzip:  2.91 kB
dist/assets/__federation_shared_zustand-DuAMwW9w.js             8.60 kB │ gzip:  2.38 kB
dist/assets/__federation_fn_import-CNn9gKzu.js                 14.42 kB │ gzip:  3.17 kB
dist/assets/index-COvqqES_.js                                 138.52 kB │ gzip: 44.26 kB
dist/assets/__federation_shared_react-router-dom-BoeORYVT.js  248.30 kB │ gzip: 59.27 kB
✓ built in 1.51s
